GOFEE
##### STEPS: 0 #####

lml: 16.7594586178949
kernel optimized:
Theta = ['1.00e+01', '2.88e+00', '9.69e+00', '1.00e-02', '1.00e-05', '1.00e+01']

Timing:
Training    Relax pop.  Make cands.    Relax cands.    Evaluate    
1.06e+00    1.07e+03    4.33e+01       6.64e+02        3.03e+03    

Prediction:
energy = -624.29836eV,  energy_std = 0.74531eV
E_true:
0 = -614.5451eV,  1 = -615.7139eV,  

Energy of population:
0 = -624.0605eV,  1 = -624.0537eV,  2 = -624.0474eV,  3 = -624.0449eV,  
4 = -615.7139eV,  
Max force of ML-relaxed population:
0 = 0.0003eV/A,  1 = 0.0006eV/A,  2 = 0.1654eV/A,  3 = 2.0079eV/A,  

##### STEPS: 1 #####

lml: -3.044170658653517
kernel optimized:
Theta = ['6.04e+01', '1.32e+00', '9.19e+00', '1.00e-02', '1.00e-05', '1.00e+01']

Timing:
Training    Relax pop.  Make cands.    Relax cands.    Evaluate    
7.40e-01    1.31e+03    4.31e+01       8.92e+02        7.05e+03    

Prediction:
energy = -622.99445eV,  energy_std = 2.60404eV
E_true:
0 = -613.4264eV,  1 = -613.5068eV,  

Energy of population:
0 = -624.0605eV,  1 = -624.0537eV,  2 = -624.0474eV,  3 = -624.0449eV,  
4 = -615.7139eV,  
Max force of ML-relaxed population:
0 = 0.0002eV/A,  1 = 0.0001eV/A,  2 = 0.0008eV/A,  3 = 0.2242eV/A,  
4 = 10.2590eV/A,  

##### STEPS: 2 #####

lml: -8.28097058933297
kernel optimized:
Theta = ['6.82e+01', '1.00e+00', '9.18e+00', '1.00e-02', '1.00e-05', '1.00e+01']

Timing:
Training    Relax pop.  Make cands.    Relax cands.    Evaluate    
6.02e-01    1.33e+03    4.34e+01       3.16e+03        2.45e+03    

Prediction:
energy = -622.24767eV,  energy_std = 4.47685eV
E_true:
0 = -613.0772eV,  1 = -613.9722eV,  

Energy of population:
0 = -624.0605eV,  1 = -624.0537eV,  2 = -624.0474eV,  3 = -624.0449eV,  
4 = -615.7139eV,  
Max force of ML-relaxed population:
0 = 0.0008eV/A,  1 = 0.0006eV/A,  2 = 0.0007eV/A,  3 = 3.0130eV/A,  
4 = 9.5841eV/A,  

##### STEPS: 3 #####

lml: -13.73884706685216
kernel optimized:
Theta = ['8.05e+01', '1.00e+00', '9.18e+00', '1.00e-02', '1.00e-05', '1.00e+01']

Timing:
Training    Relax pop.  Make cands.    Relax cands.    Evaluate    
3.57e-01    1.62e+03    4.34e+01       1.33e+03        6.42e+03    

Prediction:
energy = -622.15217eV,  energy_std = 4.36597eV
E_true:
0 = -612.4493eV,  1 = -612.5492eV,  

Energy of population:
0 = -624.0605eV,  1 = -624.0537eV,  2 = -624.0474eV,  3 = -624.0449eV,  
4 = -615.7139eV,  
Max force of ML-relaxed population:
0 = 0.0008eV/A,  1 = 0.0008eV/A,  2 = 0.0008eV/A,  3 = 1.1098eV/A,  
4 = 9.5551eV/A,  

##### STEPS: 4 #####

lml: -17.562763273636484
kernel optimized:
Theta = ['9.34e+01', '1.00e+00', '9.18e+00', '1.00e-02', '1.00e-05', '1.00e+01']

Timing:
Training    Relax pop.  Make cands.    Relax cands.    Evaluate    
7.62e-01    1.81e+03    4.24e+01       1.08e+03        2.49e+03    

Prediction:
energy = -620.78634eV,  energy_std = 3.73013eV
E_true:
0 = -622.4337eV,  1 = -623.0426eV,  

Energy of population:
0 = -624.0605eV,  1 = -624.0537eV,  2 = -624.0474eV,  3 = -624.0449eV,  
4 = -623.0426eV,  
Max force of ML-relaxed population:
0 = 0.0007eV/A,  1 = 0.0002eV/A,  2 = 0.0005eV/A,  3 = 0.5942eV/A,  
4 = 11.4691eV/A,  

##### STEPS: 5 #####

lml: -20.60784196536911
kernel optimized:
Theta = ['8.70e+01', '1.00e+00', '7.62e+02', '1.00e-02', '1.00e-05', '1.00e+01']

Timing:
Training    Relax pop.  Make cands.    Relax cands.    Evaluate    
2.01e+00    1.94e+03    4.31e+01       2.70e+03        2.55e+03    

Prediction:
energy = -623.61786eV,  energy_std = 2.55949eV
E_true:
0 = -621.7867eV,  1 = -621.9810eV,  

Energy of population:
0 = -624.0605eV,  1 = -624.0537eV,  2 = -624.0474eV,  3 = -624.0449eV,  
4 = -623.0426eV,  
Max force of ML-relaxed population:
0 = 0.0009eV/A,  1 = 0.0000eV/A,  2 = 0.0009eV/A,  3 = 0.4629eV/A,  
4 = 0.0009eV/A,  

##### STEPS: 6 #####

lml: -22.844510636230183
kernel optimized:
Theta = ['8.14e+01', '1.00e+00', '7.62e+02', '1.00e-02', '1.00e-05', '1.00e+01']

Timing:
Training    Relax pop.  Make cands.    Relax cands.    Evaluate    
4.76e-01    1.86e+03    4.36e+01       2.80e+03        2.67e+03    

Prediction:
energy = -621.63023eV,  energy_std = 3.45202eV
E_true:
0 = -622.6975eV,  1 = -622.8580eV,  

Energy of population:
0 = -624.0605eV,  1 = -624.0537eV,  2 = -624.0474eV,  3 = -624.0449eV,  
4 = -623.0426eV,  
Max force of ML-relaxed population:
0 = 0.0005eV/A,  1 = 0.0006eV/A,  2 = 0.0008eV/A,  3 = 0.1794eV/A,  
4 = 0.0001eV/A,  

##### STEPS: 7 #####

lml: -25.66488978599307
kernel optimized:
Theta = ['7.56e+01', '1.00e+00', '7.62e+02', '1.00e-02', '1.00e-05', '1.00e+01']

Timing:
Training    Relax pop.  Make cands.    Relax cands.    Evaluate    
9.40e-01    1.79e+03    4.32e+01       3.12e+03        2.47e+03    

Prediction:
energy = -620.32115eV,  energy_std = 3.81641eV
E_true:
0 = -617.1227eV,  1 = -618.9681eV,  

Energy of population:
0 = -624.0605eV,  1 = -624.0537eV,  2 = -624.0474eV,  3 = -624.0449eV,  
4 = -623.0426eV,  
Max force of ML-relaxed population:
0 = 0.0002eV/A,  1 = 0.0000eV/A,  2 = 0.0006eV/A,  3 = 0.5097eV/A,  
4 = 0.0008eV/A,  

##### STEPS: 8 #####

lml: -30.73771703480668
kernel optimized:
Theta = ['8.54e+01', '1.00e+00', '7.62e+02', '1.00e-02', '1.00e-05', '1.00e+01']

Timing:
Training    Relax pop.  Make cands.    Relax cands.    Evaluate    
7.45e-01    1.36e+03    4.45e+01       2.18e+03        4.84e+03    

Prediction:
energy = -624.27431eV,  energy_std = 1.39423eV
E_true:
0 = -617.9305eV,  1 = -623.5507eV,  2 = -623.1964eV,  

Energy of population:
0 = -624.0605eV,  1 = -624.0537eV,  2 = -624.0474eV,  3 = -624.0449eV,  
4 = -623.5507eV,  
Max force of ML-relaxed population:
0 = 0.0003eV/A,  1 = 0.0006eV/A,  2 = 0.0007eV/A,  3 = 0.6103eV/A,  
4 = 0.0005eV/A,  

##### STEPS: 9 #####

lml: -34.39158811079435
kernel optimized:
Theta = ['7.84e+01', '1.00e+00', '7.62e+02', '1.00e-02', '1.00e-05', '1.00e+01']

Timing:
Training    Relax pop.  Make cands.    Relax cands.    Evaluate    
1.54e+00    1.03e+03    4.27e+01       2.38e+03        2.38e+03    

Prediction:
energy = -624.11832eV,  energy_std = 1.43660eV
E_true:
0 = -623.3782eV,  1 = -623.6659eV,  

Energy of population:
0 = -624.0605eV,  1 = -624.0537eV,  2 = -624.0474eV,  3 = -624.0449eV,  
4 = -623.6659eV,  
Max force of ML-relaxed population:
0 = 0.0001eV/A,  1 = 0.0008eV/A,  2 = 0.0004eV/A,  3 = 1.0182eV/A,  
4 = 0.0005eV/A,  

##### STEPS: 10 #####

lml: -35.94201715993874
kernel optimized:
Theta = ['7.62e+01', '1.00e+00', '7.62e+02', '1.00e-02', '1.00e-05', '1.00e+01']

Timing:
Training    Relax pop.  Make cands.    Relax cands.    Evaluate    
1.28e+00    1.49e+03    4.37e+01       3.07e+03        2.54e+03    

Prediction:
energy = -622.75433eV,  energy_std = 2.08446eV
E_true:
0 = -623.0787eV,  1 = -623.0693eV,  

Energy of population:
0 = -624.0605eV,  1 = -624.0537eV,  2 = -624.0474eV,  3 = -624.0449eV,  
4 = -623.6659eV,  
Max force of ML-relaxed population:
0 = 0.0009eV/A,  1 = 0.0008eV/A,  2 = 0.0002eV/A,  3 = 0.1437eV/A,  
4 = 0.0006eV/A,  

##### STEPS: 11 #####

lml: -36.71472223884403
kernel optimized:
Theta = ['7.20e+01', '1.00e+00', '7.62e+02', '1.00e-02', '1.00e-05', '1.00e+01']

Timing:
Training    Relax pop.  Make cands.    Relax cands.    Evaluate    
1.61e+00    1.54e+03    4.28e+01       1.60e+03        2.95e+03    

Prediction:
energy = -622.61327eV,  energy_std = 2.08489eV
E_true:
0 = -617.7367eV,  1 = -619.1949eV,  

Energy of population:
0 = -624.0605eV,  1 = -624.0537eV,  2 = -624.0474eV,  3 = -624.0449eV,  
4 = -623.6659eV,  
Max force of ML-relaxed population:
0 = 0.0004eV/A,  1 = 0.0008eV/A,  2 = 0.0001eV/A,  3 = 0.1305eV/A,  
4 = 0.0009eV/A,  

##### STEPS: 12 #####

lml: -46.32455798058125
kernel optimized:
Theta = ['1.08e+02', '1.00e+00', '7.62e+02', '1.00e-02', '1.00e-05', '1.00e+01']

Timing:
Training    Relax pop.  Make cands.    Relax cands.    Evaluate    
1.56e+00    1.32e+03    4.26e+01       2.53e+03        2.58e+03    

Prediction:
energy = -619.41715eV,  energy_std = 4.65683eV
E_true:
0 = -602.6126eV,  1 = -610.4122eV,  

Energy of population:
0 = -624.0605eV,  1 = -624.0537eV,  2 = -624.0474eV,  3 = -624.0449eV,  
4 = -623.6659eV,  
Max force of ML-relaxed population:
0 = 0.0004eV/A,  1 = 0.0009eV/A,  2 = 0.0001eV/A,  3 = 2.4177eV/A,  
4 = 0.0007eV/A,  

##### STEPS: 13 #####

lml: -60.86747685720697
kernel optimized:
Theta = ['1.84e+02', '1.00e+00', '7.62e+02', '1.00e-02', '1.00e-05', '1.00e+01']

Timing:
Training    Relax pop.  Make cands.    Relax cands.    Evaluate    
1.56e+00    1.39e+03    4.25e+01       3.17e+03        3.29e+03    

Prediction:
energy = -623.89606eV,  energy_std = 1.91892eV
E_true:
0 = -623.6304eV,  1 = -623.5947eV,  

Energy of population:
0 = -624.0605eV,  1 = -624.0537eV,  2 = -624.0474eV,  3 = -624.0449eV,  
4 = -623.6659eV,  
Max force of ML-relaxed population:
0 = 0.0009eV/A,  1 = 0.0003eV/A,  2 = 0.0002eV/A,  3 = 1.6904eV/A,  
4 = 0.0009eV/A,  

##### STEPS: 14 #####

lml: -62.30102001669181
kernel optimized:
Theta = ['1.76e+02', '1.00e+00', '7.62e+02', '1.00e-02', '1.00e-05', '1.00e+01']

Timing:
Training    Relax pop.  Make cands.    Relax cands.    Evaluate    
1.98e+00    1.37e+03    4.24e+01       2.26e+03        5.30e+03    

Prediction:
energy = -621.75551eV,  energy_std = 3.53619eV
E_true:
0 = -619.2873eV,  1 = -619.5634eV,  

Energy of population:
0 = -624.0605eV,  1 = -624.0537eV,  2 = -624.0474eV,  3 = -624.0449eV,  
4 = -623.6659eV,  
Max force of ML-relaxed population:
0 = 0.0009eV/A,  1 = 0.0003eV/A,  2 = 0.0008eV/A,  3 = 1.4133eV/A,  
4 = 0.0005eV/A,  

##### STEPS: 15 #####

lml: -65.22503499844608
kernel optimized:
Theta = ['1.72e+02', '1.00e+00', '7.62e+02', '1.00e-02', '1.00e-05', '1.00e+01']

Timing:
Training    Relax pop.  Make cands.    Relax cands.    Evaluate    
1.38e+00    1.68e+03    4.31e+01       2.80e+03        2.56e+03    

Prediction:
energy = -618.52200eV,  energy_std = 5.21284eV
E_true:
0 = -619.6942eV,  1 = -620.2510eV,  

Energy of population:
0 = -624.0605eV,  1 = -624.0537eV,  2 = -624.0474eV,  3 = -624.0449eV,  
4 = -623.6659eV,  
Max force of ML-relaxed population:
0 = 0.0008eV/A,  1 = 0.0005eV/A,  2 = 0.0007eV/A,  3 = 1.6890eV/A,  
4 = 0.0001eV/A,  

##### STEPS: 16 #####

lml: -68.72563073165317
kernel optimized:
Theta = ['1.65e+02', '1.00e+00', '7.62e+02', '1.00e-02', '1.00e-05', '1.00e+01']

Timing:
Training    Relax pop.  Make cands.    Relax cands.    Evaluate    
2.36e+00    1.86e+03    4.29e+01       3.03e+03        2.53e+03    

Prediction:
energy = -624.47447eV,  energy_std = 2.04543eV
E_true:
0 = -623.8818eV,  1 = -623.6796eV,  

Energy of population:
0 = -624.0605eV,  1 = -624.0537eV,  2 = -624.0474eV,  3 = -624.0449eV,  
4 = -623.8818eV,  
Max force of ML-relaxed population:
0 = 0.0002eV/A,  1 = 0.0004eV/A,  2 = 0.0001eV/A,  3 = 1.7988eV/A,  
4 = 0.0008eV/A,  

##### STEPS: 17 #####

lml: -69.97644583049345
kernel optimized:
Theta = ['1.59e+02', '1.00e+00', '7.62e+02', '1.00e-02', '1.00e-05', '1.00e+01']

Timing:
Training    Relax pop.  Make cands.    Relax cands.    Evaluate    
2.25e+00    1.49e+03    4.28e+01       2.07e+03        2.22e+03    

Prediction:
energy = -622.19662eV,  energy_std = 2.69732eV
E_true:
0 = -623.3658eV,  1 = -623.4840eV,  

Energy of population:
0 = -624.0605eV,  1 = -624.0537eV,  2 = -624.0474eV,  3 = -624.0449eV,  
4 = -623.8818eV,  
Max force of ML-relaxed population:
0 = 0.0001eV/A,  1 = 0.0007eV/A,  2 = 0.0001eV/A,  3 = 1.6469eV/A,  
4 = 0.0006eV/A,  

##### STEPS: 18 #####

lml: -71.8099198892365
kernel optimized:
Theta = ['1.61e+02', '1.00e+00', '7.62e+02', '1.00e-02', '1.00e-05', '9.62e+00']

Timing:
Training    Relax pop.  Make cands.    Relax cands.    Evaluate    
4.11e+00    1.33e+03    4.28e+01       2.77e+03        2.47e+03    

Prediction:
energy = -624.03511eV,  energy_std = 1.90044eV
E_true:
0 = -623.1156eV,  1 = -623.2354eV,  

Energy of population:
0 = -624.0605eV,  1 = -624.0537eV,  2 = -624.0474eV,  3 = -624.0449eV,  
4 = -623.8818eV,  
Max force of ML-relaxed population:
0 = 0.0001eV/A,  1 = 0.0007eV/A,  2 = 0.0003eV/A,  3 = 1.1306eV/A,  
4 = 0.0005eV/A,  

##### STEPS: 19 #####

lml: -72.8978154365214
kernel optimized:
Theta = ['1.85e+02', '1.00e+00', '7.62e+02', '1.00e-02', '1.00e-05', '8.11e+00']

Timing:
Training    Relax pop.  Make cands.    Relax cands.    Evaluate    
4.51e+00    1.24e+03    4.28e+01       4.09e+03        2.48e+03    

Prediction:
energy = -624.77868eV,  energy_std = 1.09305eV
E_true:
0 = -623.7162eV,  1 = -623.7021eV,  

Energy of population:
0 = -624.0605eV,  1 = -624.0537eV,  2 = -624.0474eV,  3 = -624.0449eV,  
4 = -623.8818eV,  
Max force of ML-relaxed population:
0 = 0.0005eV/A,  1 = 0.0001eV/A,  2 = 0.0006eV/A,  3 = 0.8273eV/A,  
4 = 0.0006eV/A,  

##### STEPS: 20 #####

lml: -73.01348110920404
kernel optimized:
Theta = ['1.86e+02', '1.00e+00', '7.62e+02', '1.00e-02', '1.00e-05', '7.95e+00']

Timing:
Training    Relax pop.  Make cands.    Relax cands.    Evaluate    
4.59e+00    1.19e+03    4.34e+01       3.62e+03        2.46e+03    

Prediction:
energy = -623.06012eV,  energy_std = 3.05087eV
E_true:
0 = -622.3470eV,  1 = -622.5731eV,  

Energy of population:
0 = -624.0605eV,  1 = -624.0537eV,  2 = -624.0474eV,  3 = -624.0449eV,  
4 = -623.8818eV,  
Max force of ML-relaxed population:
0 = 0.0002eV/A,  1 = 0.0008eV/A,  2 = 0.0007eV/A,  3 = 0.6090eV/A,  
4 = 0.0010eV/A,  

##### STEPS: 21 #####

lml: -75.18310892664658
kernel optimized:
Theta = ['1.78e+02', '1.00e+00', '7.62e+02', '1.00e-02', '1.00e-05', '7.99e+00']

Timing:
Training    Relax pop.  Make cands.    Relax cands.    Evaluate    
4.79e+00    1.22e+03    4.32e+01       3.02e+03        2.44e+03    

Prediction:
energy = -623.33033eV,  energy_std = 1.67968eV
E_true:
0 = -623.6777eV,  1 = -623.6868eV,  

Energy of population:
0 = -624.0605eV,  1 = -624.0537eV,  2 = -624.0474eV,  3 = -624.0449eV,  
4 = -623.8818eV,  
Max force of ML-relaxed population:
0 = 0.0004eV/A,  1 = 0.0009eV/A,  2 = 0.0003eV/A,  3 = 0.6767eV/A,  
4 = 0.0005eV/A,  

##### STEPS: 21 #####

lml: -74.87139749701828
kernel optimized:
Theta = ['1.54e+02', '1.00e+00', '7.62e+02', '1.00e-02', '1.00e-05', '8.92e+00']

Timing:
Training    Relax pop.  Make cands.    Relax cands.    Evaluate    
6.45e+00    1.31e+03    4.38e+01       3.01e+03        2.38e+03    

Prediction:
energy = -624.36020eV,  energy_std = 1.05488eV
E_true:
0 = -624.1173eV,  1 = -624.1128eV,  

Energy of population:
0 = -624.1173eV,  1 = -624.0605eV,  2 = -624.0537eV,  3 = -624.0474eV,  
4 = -624.0449eV,  
Max force of ML-relaxed population:
0 = 0.0007eV/A,  1 = 0.0001eV/A,  2 = 0.0002eV/A,  3 = 0.8105eV/A,  
4 = 0.0008eV/A,  

##### STEPS: 22 #####

lml: -74.00565317680872
kernel optimized:
Theta = ['1.32e+02', '1.00e+00', '7.62e+02', '1.00e-02', '1.00e-05', '9.90e+00']

Timing:
Training    Relax pop.  Make cands.    Relax cands.    Evaluate    
4.92e+00    1.16e+03    4.37e+01       4.01e+03        2.18e+03    

Prediction:
energy = -620.48901eV,  energy_std = 3.29829eV
E_true:
0 = -621.8419eV,  1 = -621.9312eV,  

Energy of population:
0 = -624.1173eV,  1 = -624.0605eV,  2 = -624.0537eV,  3 = -624.0474eV,  
4 = -624.0449eV,  
Max force of ML-relaxed population:
0 = 0.0002eV/A,  1 = 0.0005eV/A,  2 = 0.0003eV/A,  3 = 0.0006eV/A,  
4 = 0.9771eV/A,  

##### STEPS: 23 #####

lml: -76.64340062861126
kernel optimized:
Theta = ['1.29e+02', '1.00e+00', '7.62e+02', '1.00e-02', '1.00e-05', '1.00e+01']

Timing:
Training    Relax pop.  Make cands.    Relax cands.    Evaluate    
1.45e+01    1.84e+03    4.34e+01       3.08e+03        2.38e+03    

Prediction:
energy = -622.32470eV,  energy_std = 2.24731eV
E_true:
0 = -622.2578eV,  1 = -622.2129eV,  

Energy of population:
0 = -624.1173eV,  1 = -624.0605eV,  2 = -624.0537eV,  3 = -624.0474eV,  
4 = -624.0449eV,  
Max force of ML-relaxed population:
0 = 0.0003eV/A,  1 = 0.0001eV/A,  2 = 0.0001eV/A,  3 = 0.0010eV/A,  
4 = 1.0948eV/A,  

##### STEPS: 24 #####

lml: -78.17901888138596
kernel optimized:
Theta = ['1.25e+02', '1.00e+00', '7.62e+02', '1.00e-02', '1.00e-05', '1.00e+01']

Timing:
Training    Relax pop.  Make cands.    Relax cands.    Evaluate    
5.22e+00    1.32e+03    4.29e+01       2.44e+03        2.36e+03    

Prediction:
energy = -622.90257eV,  energy_std = 1.96951eV
E_true:
0 = -623.0359eV,  1 = -623.0946eV,  

Energy of population:
0 = -624.1173eV,  1 = -624.0605eV,  2 = -624.0537eV,  3 = -624.0474eV,  
4 = -624.0449eV,  
Max force of ML-relaxed population:
0 = 0.0002eV/A,  1 = 0.0009eV/A,  2 = 0.0000eV/A,  3 = 0.0004eV/A,  
4 = 1.1476eV/A,  

##### STEPS: 25 #####

lml: -79.39775578328086
kernel optimized:
Theta = ['1.22e+02', '1.00e+00', '7.62e+02', '1.00e-02', '1.00e-05', '9.97e+00']

Timing:
Training    Relax pop.  Make cands.    Relax cands.    Evaluate    
6.87e+00    1.16e+03    4.32e+01       3.40e+03        2.25e+03    

Prediction:
energy = -623.72613eV,  energy_std = 1.51968eV
E_true:
0 = -622.4180eV,  1 = -622.9273eV,  

Energy of population:
0 = -624.1173eV,  1 = -624.0605eV,  2 = -624.0537eV,  3 = -624.0474eV,  
4 = -624.0449eV,  
Max force of ML-relaxed population:
0 = 0.0005eV/A,  1 = 0.0007eV/A,  2 = 0.0004eV/A,  3 = 0.0007eV/A,  
4 = 1.2265eV/A,  

##### STEPS: 26 #####

lml: -80.99110861518812
kernel optimized:
Theta = ['1.25e+02', '1.00e+00', '7.62e+02', '1.00e-02', '1.00e-05', '9.60e+00']

Timing:
Training    Relax pop.  Make cands.    Relax cands.    Evaluate    
7.79e+00    1.85e+03    4.32e+01       2.15e+03        2.27e+03    

Prediction:
energy = -622.81484eV,  energy_std = 2.08417eV
E_true:
0 = -621.2952eV,  1 = -621.9410eV,  

Energy of population:
0 = -624.1173eV,  1 = -624.0605eV,  2 = -624.0537eV,  3 = -624.0474eV,  
4 = -624.0449eV,  
Max force of ML-relaxed population:
0 = 0.0004eV/A,  1 = 0.0008eV/A,  2 = 0.0001eV/A,  3 = 0.0001eV/A,  
4 = 1.0800eV/A,  

##### STEPS: 27 #####

lml: -84.61983232081816
kernel optimized:
Theta = ['1.23e+02', '1.00e+00', '7.62e+02', '1.00e-02', '1.00e-05', '1.00e+01']

Timing:
Training    Relax pop.  Make cands.    Relax cands.    Evaluate    
6.37e+00    1.08e+03    4.30e+01       1.70e+03        2.42e+03    

Prediction:
energy = -623.97237eV,  energy_std = 1.16672eV
E_true:
0 = -624.0771eV,  1 = -623.8193eV,  

Energy of population:
0 = -624.1173eV,  1 = -624.0771eV,  2 = -624.0605eV,  3 = -624.0537eV,  
4 = -624.0474eV,  
Max force of ML-relaxed population:
0 = 0.0010eV/A,  1 = 0.0007eV/A,  2 = 0.0006eV/A,  3 = 0.0005eV/A,  
4 = 0.6081eV/A,  

##### STEPS: 28 #####

lml: -84.97677529132876
kernel optimized:
Theta = ['1.20e+02', '1.00e+00', '7.62e+02', '1.00e-02', '1.00e-05', '1.00e+01']

Timing:
Training    Relax pop.  Make cands.    Relax cands.    Evaluate    
5.87e+00    1.17e+03    4.28e+01       1.96e+03        2.34e+03    

Prediction:
energy = -623.73142eV,  energy_std = 1.15257eV
E_true:
0 = -623.7492eV,  1 = -623.7621eV,  

Energy of population:
0 = -624.1173eV,  1 = -624.0771eV,  2 = -624.0605eV,  3 = -624.0537eV,  
4 = -624.0474eV,  
Max force of ML-relaxed population:
0 = 0.0007eV/A,  1 = 0.0002eV/A,  2 = 0.0000eV/A,  3 = 0.0003eV/A,  
4 = 0.0006eV/A,  

##### STEPS: 29 #####

lml: -84.3973669667325
kernel optimized:
Theta = ['1.17e+02', '1.00e+00', '7.62e+02', '1.00e-02', '1.00e-05', '1.00e+01']

Timing:
Training    Relax pop.  Make cands.    Relax cands.    Evaluate    
7.01e+00    1.29e+03    4.24e+01       1.91e+03        2.42e+03    

Prediction:
energy = -623.66907eV,  energy_std = 1.18877eV
E_true:
0 = -623.5303eV,  1 = -623.3699eV,  

Energy of population:
0 = -624.1173eV,  1 = -624.0771eV,  2 = -624.0605eV,  3 = -624.0537eV,  
4 = -624.0474eV,  
Max force of ML-relaxed population:
0 = 0.0000eV/A,  1 = 0.0007eV/A,  2 = 0.0002eV/A,  3 = 0.0009eV/A,  
4 = 0.0001eV/A,  

##### STEPS: 30 #####

lml: -84.68971709648315
kernel optimized:
Theta = ['1.16e+02', '1.00e+00', '7.62e+02', '1.00e-02', '1.00e-05', '9.86e+00']

Timing:
Training    Relax pop.  Make cands.    Relax cands.    Evaluate    
8.13e+00    1.47e+03    4.27e+01       2.45e+03        2.42e+03    

Prediction:
energy = -623.61691eV,  energy_std = 1.23717eV
E_true:
0 = -622.9559eV,  1 = -623.0513eV,  

Energy of population:
0 = -624.1173eV,  1 = -624.0771eV,  2 = -624.0605eV,  3 = -624.0537eV,  
4 = -624.0474eV,  
Max force of ML-relaxed population:
0 = 0.0002eV/A,  1 = 0.0003eV/A,  2 = 0.0004eV/A,  3 = 0.0009eV/A,  
4 = 0.0004eV/A,  

##### STEPS: 31 #####

lml: -85.19908430153535
kernel optimized:
Theta = ['1.16e+02', '1.00e+00', '7.62e+02', '1.00e-02', '1.00e-05', '9.66e+00']

Timing:
Training    Relax pop.  Make cands.    Relax cands.    Evaluate    
8.74e+00    1.37e+03    4.28e+01       2.71e+03        2.33e+03    

Prediction:
energy = -621.67225eV,  energy_std = 2.25725eV
E_true:
0 = -621.1266eV,  1 = -621.1074eV,  

Energy of population:
0 = -624.1173eV,  1 = -624.0771eV,  2 = -624.0605eV,  3 = -624.0537eV,  
4 = -624.0474eV,  
Max force of ML-relaxed population:
0 = 0.0001eV/A,  1 = 0.0004eV/A,  2 = 0.0007eV/A,  3 = 0.0004eV/A,  
4 = 0.0004eV/A,  

##### STEPS: 32 #####

lml: -87.21348783731861
kernel optimized:
Theta = ['1.15e+02', '1.00e+00', '7.62e+02', '1.00e-02', '1.00e-05', '9.49e+00']

Timing:
Training    Relax pop.  Make cands.    Relax cands.    Evaluate    
8.33e+00    1.36e+03    4.38e+01       2.43e+03        2.44e+03    

Prediction:
energy = -624.53643eV,  energy_std = 0.54076eV
E_true:
0 = -624.1459eV,  1 = -624.1449eV,  

Energy of population:
0 = -624.1459eV,  1 = -624.1173eV,  2 = -624.0605eV,  3 = -624.0537eV,  
4 = -624.0474eV,  
Max force of ML-relaxed population:
0 = 0.0009eV/A,  1 = 0.0007eV/A,  2 = 0.0002eV/A,  3 = 0.0001eV/A,  
4 = 0.0009eV/A,  

##### STEPS: 33 #####

lml: -85.65434868279887
kernel optimized:
Theta = ['1.07e+02', '1.00e+00', '7.62e+02', '1.00e-02', '1.00e-05', '1.00e+01']

Timing:
Training    Relax pop.  Make cands.    Relax cands.    Evaluate    
1.25e+01    1.14e+03    4.29e+01       2.84e+03        2.33e+03    

Prediction:
energy = -624.22815eV,  energy_std = 0.98217eV
E_true:
0 = -624.1689eV,  1 = -624.1526eV,  

Energy of population:
0 = -624.1689eV,  1 = -624.1459eV,  2 = -624.1173eV,  3 = -624.0605eV,  
4 = -624.0537eV,  
Max force of ML-relaxed population:
0 = 0.0006eV/A,  1 = 0.0004eV/A,  2 = 0.0009eV/A,  3 = 0.0001eV/A,  
4 = 0.0002eV/A,  

##### STEPS: 34 #####

lml: -84.65216926265586
kernel optimized:
Theta = ['1.04e+02', '1.00e+00', '7.62e+02', '1.00e-02', '1.00e-05', '1.00e+01']

Timing:
Training    Relax pop.  Make cands.    Relax cands.    Evaluate    
6.23e+00    1.26e+03    4.25e+01       3.17e+03        2.58e+03    

Prediction:
energy = -624.17079eV,  energy_std = 0.67205eV
E_true:
0 = -624.1439eV,  1 = -624.1003eV,  

Energy of population:
0 = -624.1689eV,  1 = -624.1459eV,  2 = -624.1439eV,  3 = -624.1173eV,  
4 = -624.0605eV,  
Max force of ML-relaxed population:
0 = 0.0008eV/A,  1 = 0.0006eV/A,  2 = 0.0003eV/A,  3 = 0.0002eV/A,  
4 = 0.0001eV/A,  

##### STEPS: 35 #####

lml: -83.37825031678068
kernel optimized:
Theta = ['1.02e+02', '1.00e+00', '7.62e+02', '1.00e-02', '1.00e-05', '1.00e+01']

Timing:
Training    Relax pop.  Make cands.    Relax cands.    Evaluate    
5.49e+00    1.22e+03    4.33e+01       3.10e+03        9.02e+03    

Prediction:
energy = -624.72244eV,  energy_std = 0.53565eV
E_true:
0 = -624.1666eV,  1 = -624.1666eV,  2 = -624.1666eV,  3 = -624.1666eV,  
4 = -624.1666eV,  

Energy of population:
0 = -624.1689eV,  1 = -624.1666eV,  2 = -624.1459eV,  3 = -624.1173eV,  
4 = -624.0605eV,  
Max force of ML-relaxed population:
0 = 0.0003eV/A,  1 = 0.0007eV/A,  2 = 0.0001eV/A,  3 = 0.0002eV/A,  
4 = 0.0005eV/A,  

##### STEPS: 36 #####

lml: -74.94605969091612
kernel optimized:
Theta = ['9.76e+01', '1.00e+00', '7.62e+02', '1.00e-02', '1.00e-05', '1.00e+01']

Timing:
Training    Relax pop.  Make cands.    Relax cands.    Evaluate    
7.18e+00    6.52e+02    4.27e+01       2.42e+03        3.35e+03    

Prediction:
energy = -623.21368eV,  energy_std = 1.07511eV
E_true:
0 = -622.7352eV,  1 = -622.9307eV,  

Energy of population:
0 = -624.1689eV,  1 = -624.1666eV,  2 = -624.1459eV,  3 = -624.1173eV,  
4 = -624.0605eV,  
Max force of ML-relaxed population:
0 = 0.0009eV/A,  1 = 0.0003eV/A,  2 = 0.0008eV/A,  3 = 0.0007eV/A,  
4 = 0.0003eV/A,  

##### STEPS: 37 #####

lml: -75.27402146550588
kernel optimized:
Theta = ['9.63e+01', '1.00e+00', '7.62e+02', '1.00e-02', '1.00e-05', '1.00e+01']

Timing:
Training    Relax pop.  Make cands.    Relax cands.    Evaluate    
6.41e+00    6.65e+02    4.29e+01       2.32e+03        2.57e+03    

Prediction:
energy = -622.00195eV,  energy_std = 1.77888eV
E_true:
0 = -622.4894eV,  1 = -622.5468eV,  

Energy of population:
0 = -624.1689eV,  1 = -624.1666eV,  2 = -624.1459eV,  3 = -624.1173eV,  
4 = -624.0605eV,  
Max force of ML-relaxed population:
0 = 0.0006eV/A,  1 = 0.0009eV/A,  2 = 0.0002eV/A,  3 = 0.0002eV/A,  
4 = 0.0006eV/A,  

##### STEPS: 38 #####

lml: -76.80817591572807
kernel optimized:
Theta = ['9.47e+01', '1.00e+00', '7.62e+02', '1.00e-02', '1.00e-05', '1.00e+01']

Timing:
Training    Relax pop.  Make cands.    Relax cands.    Evaluate    
6.63e+00    7.87e+02    4.28e+01       2.54e+03        4.22e+03    

Prediction:
energy = -624.44219eV,  energy_std = 0.45326eV
E_true:
0 = -622.7125eV,  1 = -624.1828eV,  2 = -624.1824eV,  

Energy of population:
0 = -624.1828eV,  1 = -624.1689eV,  2 = -624.1459eV,  3 = -624.1173eV,  
4 = -624.0605eV,  
Max force of ML-relaxed population:
0 = 0.0003eV/A,  1 = 0.0004eV/A,  2 = 0.0000eV/A,  3 = 0.0001eV/A,  
4 = 0.0006eV/A,  

##### STEPS: 39 #####

lml: -76.8392767006325
kernel optimized:
Theta = ['9.26e+01', '1.00e+00', '7.62e+02', '1.00e-02', '1.00e-05', '1.00e+01']

Timing:
Training    Relax pop.  Make cands.    Relax cands.    Evaluate    
6.85e+00    7.38e+02    4.30e+01       1.98e+03        2.36e+03    

Prediction:
energy = -624.00400eV,  energy_std = 0.78318eV
E_true:
0 = -624.0119eV,  1 = -623.6148eV,  

Energy of population:
0 = -624.1828eV,  1 = -624.1689eV,  2 = -624.1459eV,  3 = -624.1173eV,  
4 = -624.0605eV,  
Max force of ML-relaxed population:
0 = 0.0010eV/A,  1 = 0.0001eV/A,  2 = 0.0001eV/A,  3 = 0.0001eV/A,  
4 = 0.0005eV/A,  

##### STEPS: 40 #####

lml: -77.17368702212852
kernel optimized:
Theta = ['9.21e+01', '1.00e+00', '7.62e+02', '1.00e-02', '1.00e-05', '1.00e+01']

Timing:
Training    Relax pop.  Make cands.    Relax cands.    Evaluate    
7.23e+00    9.15e+02    4.30e+01       2.54e+03        2.25e+03    

Prediction:
energy = -624.16022eV,  energy_std = 0.80939eV
E_true:
0 = -623.8994eV,  1 = -623.9033eV,  

Energy of population:
0 = -624.1828eV,  1 = -624.1689eV,  2 = -624.1459eV,  3 = -624.1173eV,  
4 = -624.0605eV,  
Max force of ML-relaxed population:
0 = 0.0001eV/A,  1 = 0.0001eV/A,  2 = 0.0003eV/A,  3 = 0.0003eV/A,  
4 = 0.0008eV/A,  

##### STEPS: 41 #####

lml: -76.35848222191558
kernel optimized:
Theta = ['9.07e+01', '1.00e+00', '7.62e+02', '1.00e-02', '1.00e-05', '1.00e+01']

Timing:
Training    Relax pop.  Make cands.    Relax cands.    Evaluate    
7.43e+00    8.00e+02    4.35e+01       1.98e+03        2.41e+03    

Prediction:
energy = -624.18782eV,  energy_std = 0.58008eV
E_true:
0 = -624.1210eV,  1 = -624.1208eV,  

Energy of population:
0 = -624.1828eV,  1 = -624.1689eV,  2 = -624.1459eV,  3 = -624.1210eV,  
4 = -624.0605eV,  
Max force of ML-relaxed population:
0 = 0.0007eV/A,  1 = 0.0002eV/A,  2 = 0.0004eV/A,  3 = 0.0003eV/A,  
4 = 0.0003eV/A,  

##### STEPS: 42 #####

lml: -74.57410822003636
kernel optimized:
Theta = ['8.89e+01', '1.00e+00', '7.62e+02', '1.00e-02', '1.00e-05', '1.00e+01']

Timing:
Training    Relax pop.  Make cands.    Relax cands.    Evaluate    
7.83e+00    6.44e+02    4.33e+01       2.75e+03        2.26e+03    

Prediction:
energy = -624.13204eV,  energy_std = 0.69616eV
E_true:
0 = -624.4698eV,  1 = -624.4682eV,  

Energy of population:
0 = -624.4698eV,  1 = -624.1828eV,  2 = -624.1689eV,  3 = -624.1459eV,  
4 = -624.1210eV,  
Max force of ML-relaxed population:
0 = 0.0005eV/A,  1 = 0.0002eV/A,  2 = 0.0007eV/A,  3 = 0.0009eV/A,  
4 = 0.0004eV/A,  

##### STEPS: 43 #####

lml: -73.16359957012057
kernel optimized:
Theta = ['8.75e+01', '1.00e+00', '7.62e+02', '1.00e-02', '1.00e-05', '1.00e+01']

Timing:
Training    Relax pop.  Make cands.    Relax cands.    Evaluate    
8.06e+00    6.54e+02    4.35e+01       1.98e+03        3.26e+03    

Prediction:
energy = -624.35068eV,  energy_std = 0.28456eV
E_true:
0 = -624.1839eV,  1 = -624.1745eV,  

Energy of population:
0 = -624.4698eV,  1 = -624.1839eV,  2 = -624.1828eV,  3 = -624.1459eV,  
4 = -624.1210eV,  
Max force of ML-relaxed population:
0 = 0.0007eV/A,  1 = 0.0005eV/A,  2 = 0.0006eV/A,  3 = 0.0000eV/A,  
4 = 0.0006eV/A,  

##### STEPS: 44 #####

lml: -70.83196623085166
kernel optimized:
Theta = ['8.61e+01', '1.00e+00', '7.62e+02', '1.00e-02', '1.00e-05', '1.00e+01']

Timing:
Training    Relax pop.  Make cands.    Relax cands.    Evaluate    
8.34e+00    6.40e+02    4.25e+01       2.17e+03        2.42e+03    

Prediction:
energy = -624.44874eV,  energy_std = 0.39472eV
E_true:
0 = -624.0825eV,  1 = -624.0475eV,  

Energy of population:
0 = -624.4698eV,  1 = -624.1839eV,  2 = -624.1828eV,  3 = -624.1459eV,  
4 = -624.1210eV,  
Max force of ML-relaxed population:
0 = 0.0003eV/A,  1 = 0.0001eV/A,  2 = 0.0002eV/A,  3 = 0.0001eV/A,  
4 = 0.0004eV/A,  

##### STEPS: 45 #####

lml: -69.2479041253356
kernel optimized:
Theta = ['8.53e+01', '1.00e+00', '7.62e+02', '1.00e-02', '1.00e-05', '1.00e+01']

Timing:
Training    Relax pop.  Make cands.    Relax cands.    Evaluate    
8.82e+00    6.18e+02    4.34e+01       2.32e+03        2.40e+03    

Prediction:
energy = -624.25854eV,  energy_std = 0.56359eV
E_true:
0 = -624.0938eV,  1 = -624.0690eV,  

Energy of population:
0 = -624.4698eV,  1 = -624.1839eV,  2 = -624.1828eV,  3 = -624.1459eV,  
4 = -624.1210eV,  
Max force of ML-relaxed population:
0 = 0.0001eV/A,  1 = 0.0003eV/A,  2 = 0.0001eV/A,  3 = 0.0006eV/A,  
4 = 0.0007eV/A,  

##### STEPS: 46 #####

lml: -67.59453198535671
kernel optimized:
Theta = ['8.38e+01', '1.00e+00', '7.62e+02', '1.00e-02', '1.00e-05', '1.00e+01']

Timing:
Training    Relax pop.  Make cands.    Relax cands.    Evaluate    
8.97e+00    5.87e+02    4.33e+01       1.80e+03        6.53e+03    

Prediction:
energy = -624.49156eV,  energy_std = 0.09318eV
E_true:
0 = -624.0634eV,  1 = -624.0634eV,  2 = -624.4141eV,  3 = -624.3971eV,  

Energy of population:
0 = -624.4698eV,  1 = -624.1839eV,  2 = -624.1828eV,  3 = -624.1459eV,  
4 = -624.1210eV,  
Max force of ML-relaxed population:
0 = 0.0000eV/A,  1 = 0.0000eV/A,  2 = 0.0008eV/A,  3 = 0.0002eV/A,  
4 = 0.0005eV/A,  

##### STEPS: 47 #####

lml: -63.22213505666235
kernel optimized:
Theta = ['8.15e+01', '1.00e+00', '7.62e+02', '1.00e-02', '1.00e-05', '1.00e+01']

Timing:
Training    Relax pop.  Make cands.    Relax cands.    Evaluate    
9.68e+00    5.99e+02    4.14e+01       2.21e+03        2.23e+03    

Prediction:
energy = -623.45136eV,  energy_std = 1.00644eV
E_true:
0 = -623.0806eV,  1 = -623.1209eV,  

Energy of population:
0 = -624.4698eV,  1 = -624.1839eV,  2 = -624.1828eV,  3 = -624.1459eV,  
4 = -624.1210eV,  
Max force of ML-relaxed population:
0 = 0.0009eV/A,  1 = 0.0003eV/A,  2 = 0.0004eV/A,  3 = 0.0005eV/A,  
4 = 0.0005eV/A,  

##### STEPS: 48 #####

lml: -63.25927043683771
kernel optimized:
Theta = ['8.02e+01', '1.00e+00', '7.62e+02', '1.00e-02', '1.00e-05', '1.00e+01']

Timing:
Training    Relax pop.  Make cands.    Relax cands.    Evaluate    
1.01e+01    5.91e+02    4.14e+01       1.66e+03        2.26e+03    

Prediction:
energy = -623.97401eV,  energy_std = 0.71549eV
E_true:
0 = -623.9062eV,  1 = -623.8313eV,  

Energy of population:
0 = -624.4698eV,  1 = -624.1839eV,  2 = -624.1828eV,  3 = -624.1459eV,  
4 = -624.1210eV,  
Max force of ML-relaxed population:
0 = 0.0000eV/A,  1 = 0.0001eV/A,  2 = 0.0003eV/A,  3 = 0.0001eV/A,  
4 = 0.0002eV/A,  

##### STEPS: 49 #####

lml: -62.55870568735152
kernel optimized:
Theta = ['7.90e+01', '1.00e+00', '7.62e+02', '1.00e-02', '1.00e-05', '1.00e+01']

Timing:
Training    Relax pop.  Make cands.    Relax cands.    Evaluate    
1.04e+01    5.60e+02    4.21e+01       2.07e+03        2.36e+03    

Prediction:
energy = -624.48938eV,  energy_std = 0.47569eV
E_true:
0 = -624.1880eV,  1 = -624.1183eV,  

Energy of population:
0 = -624.4698eV,  1 = -624.1880eV,  2 = -624.1839eV,  3 = -624.1828eV,  
4 = -624.1459eV,  
Max force of ML-relaxed population:
0 = 0.0008eV/A,  1 = 0.0005eV/A,  2 = 0.0003eV/A,  3 = 0.0004eV/A,  
4 = 0.0002eV/A,  

##### STEPS: 50 #####

lml: -61.19788121941352
kernel optimized:
Theta = ['7.81e+01', '1.00e+00', '7.62e+02', '1.00e-02', '1.00e-05', '1.00e+01']

Timing:
Training    Relax pop.  Make cands.    Relax cands.    Evaluate    
1.08e+01    6.51e+02    4.28e+01       2.06e+03        2.23e+03    

Prediction:
energy = -624.11613eV,  energy_std = 0.68481eV
E_true:
0 = -623.8020eV,  1 = -623.7916eV,  

Energy of population:
0 = -624.4698eV,  1 = -624.1880eV,  2 = -624.1839eV,  3 = -624.1828eV,  
4 = -624.1459eV,  
Max force of ML-relaxed population:
0 = 0.0004eV/A,  1 = 0.0006eV/A,  2 = 0.0004eV/A,  3 = 0.0000eV/A,  
4 = 0.0001eV/A,  

##### STEPS: 51 #####

kernel fixed:
Theta = ['7.81e+01', '1.00e+00', '7.62e+02', '1.00e-02', '1.00e-05', '1.00e+01']

Timing:
Training    Relax pop.  Make cands.    Relax cands.    Evaluate    
4.99e-01    6.98e+02    4.25e+01       2.30e+03        2.32e+03    

Prediction:
energy = -623.19672eV,  energy_std = 1.01746eV
E_true:
0 = -623.9304eV,  1 = -623.6877eV,  

Energy of population:
0 = -624.4698eV,  1 = -624.1880eV,  2 = -624.1839eV,  3 = -624.1828eV,  
4 = -624.1459eV,  
Max force of ML-relaxed population:
0 = 0.0003eV/A,  1 = 0.0005eV/A,  2 = 0.0002eV/A,  3 = 0.0000eV/A,  
4 = 0.0007eV/A,  

##### STEPS: 52 #####

kernel fixed:
Theta = ['7.81e+01', '1.00e+00', '7.62e+02', '1.00e-02', '1.00e-05', '1.00e+01']

Timing:
Training    Relax pop.  Make cands.    Relax cands.    Evaluate    
4.13e-01    6.91e+02    4.27e+01       2.07e+03        2.45e+03    

Prediction:
energy = -624.11064eV,  energy_std = 0.52603eV
E_true:
0 = -624.0933eV,  1 = -623.6610eV,  

Energy of population:
0 = -624.4698eV,  1 = -624.1880eV,  2 = -624.1839eV,  3 = -624.1828eV,  
4 = -624.1459eV,  
Max force of ML-relaxed population:
0 = 0.0003eV/A,  1 = 0.0003eV/A,  2 = 0.0007eV/A,  3 = 0.0005eV/A,  
4 = 0.0003eV/A,  

##### STEPS: 53 #####

kernel fixed:
Theta = ['7.81e+01', '1.00e+00', '7.62e+02', '1.00e-02', '1.00e-05', '1.00e+01']

Timing:
Training    Relax pop.  Make cands.    Relax cands.    Evaluate    
5.81e-01    6.65e+02    4.32e+01       2.15e+03        3.89e+03    

Prediction:
energy = -624.43778eV,  energy_std = 0.29477eV
E_true:
0 = -624.4647eV,  1 = -624.3937eV,  2 = -624.3862eV,  

Energy of population:
0 = -624.4698eV,  1 = -624.4647eV,  2 = -624.1880eV,  3 = -624.1839eV,  
4 = -624.1828eV,  
Max force of ML-relaxed population:
0 = 0.0005eV/A,  1 = 0.0006eV/A,  2 = 0.0003eV/A,  3 = 0.0001eV/A,  
4 = 0.0003eV/A,  

##### STEPS: 54 #####

kernel fixed:
Theta = ['7.81e+01', '1.00e+00', '7.62e+02', '1.00e-02', '1.00e-05', '1.00e+01']

Timing:
Training    Relax pop.  Make cands.    Relax cands.    Evaluate    
9.21e-01    9.28e+02    4.25e+01       1.62e+03        2.31e+03    

Prediction:
energy = -623.91950eV,  energy_std = 0.43889eV
E_true:
0 = -624.0865eV,  1 = -624.0770eV,  

Energy of population:
0 = -624.4698eV,  1 = -624.1880eV,  2 = -624.1839eV,  3 = -624.1828eV,  
4 = -624.0865eV,  
Max force of ML-relaxed population:
0 = 0.0000eV/A,  1 = 0.0001eV/A,  2 = 0.0008eV/A,  3 = 0.0001eV/A,  

##### STEPS: 55 #####

kernel fixed:
Theta = ['7.81e+01', '1.00e+00', '7.62e+02', '1.00e-02', '1.00e-05', '1.00e+01']

Timing:
Training    Relax pop.  Make cands.    Relax cands.    Evaluate    
7.06e-01    7.66e+02    4.23e+01       1.79e+03        2.32e+03    

Prediction:
energy = -622.87078eV,  energy_std = 1.10755eV
E_true:
0 = -622.7052eV,  1 = -622.3477eV,  

Energy of population:
0 = -624.4698eV,  1 = -624.1880eV,  2 = -624.1839eV,  3 = -624.1828eV,  
4 = -624.0865eV,  
Max force of ML-relaxed population:
0 = 0.0005eV/A,  1 = 0.0007eV/A,  2 = 0.0007eV/A,  3 = 0.0002eV/A,  
4 = 0.0005eV/A,  

##### STEPS: 56 #####

kernel fixed:
Theta = ['7.81e+01', '1.00e+00', '7.62e+02', '1.00e-02', '1.00e-05', '1.00e+01']

Timing:
Training    Relax pop.  Make cands.    Relax cands.    Evaluate    
6.35e-01    7.50e+02    4.32e+01       2.16e+03        2.45e+03    

Prediction:
energy = -623.74597eV,  energy_std = 0.79794eV
E_true:
0 = -624.0055eV,  1 = -623.7445eV,  

Energy of population:
0 = -624.4698eV,  1 = -624.1880eV,  2 = -624.1839eV,  3 = -624.1828eV,  
4 = -624.0865eV,  
Max force of ML-relaxed population:
0 = 0.0003eV/A,  1 = 0.0000eV/A,  2 = 0.0006eV/A,  3 = 0.0004eV/A,  
4 = 0.0009eV/A,  

##### STEPS: 57 #####

kernel fixed:
Theta = ['7.81e+01', '1.00e+00', '7.62e+02', '1.00e-02', '1.00e-05', '1.00e+01']

Timing:
Training    Relax pop.  Make cands.    Relax cands.    Evaluate    
6.99e-01    7.59e+02    4.33e+01       1.67e+03        2.63e+03    

Prediction:
energy = -624.22672eV,  energy_std = 0.46372eV
E_true:
0 = -624.1420eV,  1 = -624.1269eV,  

Energy of population:
0 = -624.4698eV,  1 = -624.1880eV,  2 = -624.1839eV,  3 = -624.1828eV,  
4 = -624.1420eV,  
Max force of ML-relaxed population:
0 = 0.0006eV/A,  1 = 0.0008eV/A,  2 = 0.0004eV/A,  3 = 0.0002eV/A,  
4 = 0.0005eV/A,  

##### STEPS: 58 #####

kernel fixed:
Theta = ['7.81e+01', '1.00e+00', '7.62e+02', '1.00e-02', '1.00e-05', '1.00e+01']

Timing:
Training    Relax pop.  Make cands.    Relax cands.    Evaluate    
5.11e-01    8.67e+02    4.23e+01       3.22e+03        2.44e+03    

Prediction:
energy = -623.99959eV,  energy_std = 0.69858eV
E_true:
0 = -623.1095eV,  1 = -623.2655eV,  

Energy of population:
0 = -624.4698eV,  1 = -624.1880eV,  2 = -624.1839eV,  3 = -624.1828eV,  
4 = -624.1420eV,  
Max force of ML-relaxed population:
0 = 0.0004eV/A,  1 = 0.0009eV/A,  2 = 0.0003eV/A,  3 = 0.0003eV/A,  
4 = 0.0006eV/A,  

##### STEPS: 59 #####

kernel fixed:
Theta = ['7.81e+01', '1.00e+00', '7.62e+02', '1.00e-02', '1.00e-05', '1.00e+01']

Timing:
Training    Relax pop.  Make cands.    Relax cands.    Evaluate    
6.75e-01    8.84e+02    3.98e+01       1.82e+03        2.47e+03    

Prediction:
energy = -624.17714eV,  energy_std = 0.50015eV
E_true:
0 = -624.1416eV,  1 = -624.0531eV,  

Energy of population:
0 = -624.4698eV,  1 = -624.1880eV,  2 = -624.1839eV,  3 = -624.1828eV,  
4 = -624.1420eV,  
Max force of ML-relaxed population:
0 = 0.0005eV/A,  1 = 0.0002eV/A,  2 = 0.0007eV/A,  3 = 0.0007eV/A,  
4 = 0.0000eV/A,  

##### STEPS: 60 #####

lml: -51.388207962823174
kernel optimized:
Theta = ['6.90e+01', '1.00e+00', '7.62e+02', '1.00e-02', '1.00e-05', '1.00e+01']

Timing:
Training    Relax pop.  Make cands.    Relax cands.    Evaluate    
2.61e+01    9.09e+02    4.23e+01       1.49e+03        2.37e+03    

Prediction:
energy = -624.02962eV,  energy_std = 0.43735eV
E_true:
0 = -623.8944eV,  1 = -623.5691eV,  

Energy of population:
0 = -624.4698eV,  1 = -624.1880eV,  2 = -624.1839eV,  3 = -624.1828eV,  
4 = -624.1420eV,  
Max force of ML-relaxed population:
0 = 0.0005eV/A,  1 = 0.0010eV/A,  2 = 0.0001eV/A,  3 = 0.0004eV/A,  
4 = 0.0003eV/A,  

##### STEPS: 61 #####

kernel fixed:
Theta = ['6.90e+01', '1.00e+00', '7.62e+02', '1.00e-02', '1.00e-05', '1.00e+01']

Timing:
Training    Relax pop.  Make cands.    Relax cands.    Evaluate    
7.08e-01    8.62e+02    4.32e+01       1.62e+03        2.22e+03    

Prediction:
energy = -624.35238eV,  energy_std = 0.38427eV
E_true:
0 = -624.1288eV,  1 = -624.0481eV,  

Energy of population:
0 = -624.4698eV,  1 = -624.1880eV,  2 = -624.1839eV,  3 = -624.1828eV,  
4 = -624.1420eV,  
Max force of ML-relaxed population:
0 = 0.0002eV/A,  1 = 0.0004eV/A,  2 = 0.0010eV/A,  3 = 0.0003eV/A,  
4 = 0.0002eV/A,  

##### STEPS: 62 #####

kernel fixed:
Theta = ['6.90e+01', '1.00e+00', '7.62e+02', '1.00e-02', '1.00e-05', '1.00e+01']

Timing:
Training    Relax pop.  Make cands.    Relax cands.    Evaluate    
7.24e-01    9.68e+02    4.29e+01       1.86e+03        2.27e+03    

Prediction:
energy = -624.57411eV,  energy_std = 0.39288eV
E_true:
0 = -624.3318eV,  1 = -624.2931eV,  

Energy of population:
0 = -624.4698eV,  1 = -624.3318eV,  2 = -624.1880eV,  3 = -624.1839eV,  
4 = -624.1828eV,  
Max force of ML-relaxed population:
0 = 0.0006eV/A,  1 = 0.0001eV/A,  2 = 0.0002eV/A,  3 = 0.0001eV/A,  
4 = 0.0003eV/A,  

##### STEPS: 63 #####

kernel fixed:
Theta = ['6.90e+01', '1.00e+00', '7.62e+02', '1.00e-02', '1.00e-05', '1.00e+01']

Timing:
Training    Relax pop.  Make cands.    Relax cands.    Evaluate    
8.34e-01    7.91e+02    4.17e+01       2.37e+03        2.31e+03    

Prediction:
energy = -624.25620eV,  energy_std = 0.37074eV
E_true:
0 = -624.4298eV,  1 = -624.4240eV,  

Energy of population:
0 = -624.4698eV,  1 = -624.4298eV,  2 = -624.3318eV,  3 = -624.1880eV,  
4 = -624.1839eV,  
Max force of ML-relaxed population:
0 = 0.0001eV/A,  1 = 0.0002eV/A,  2 = 0.0006eV/A,  3 = 0.0005eV/A,  
4 = 0.0003eV/A,  

##### STEPS: 64 #####

kernel fixed:
Theta = ['6.90e+01', '1.00e+00', '7.62e+02', '1.00e-02', '1.00e-05', '1.00e+01']

Timing:
Training    Relax pop.  Make cands.    Relax cands.    Evaluate    
7.14e-01    7.84e+02    4.24e+01       2.07e+03        2.38e+03    

Prediction:
energy = -624.38898eV,  energy_std = 0.32787eV
E_true:
0 = -624.0453eV,  1 = -623.9361eV,  

Energy of population:
0 = -624.4698eV,  1 = -624.4298eV,  2 = -624.1880eV,  3 = -624.1839eV,  
4 = -624.0453eV,  
Max force of ML-relaxed population:
0 = 0.0004eV/A,  1 = 0.0004eV/A,  2 = 0.0007eV/A,  3 = 0.0001eV/A,  
